<?xml version="1.0" encoding="UTF-8"?>
<testsuite xmlns:xsi="http://www.w3.org/2001/XMLSchema-instance" xsi:noNamespaceSchemaLocation="https://maven.apache.org/surefire/maven-surefire-plugin/xsd/surefire-test-report-3.0.xsd" version="3.0" name="br.sp.ferreira.runners.RunnerTest" time="0.316" tests="3" errors="0" skipped="0" failures="0">
  <properties>
[...]
</properties>
  <testcase name="Login com sucesso" classname="Login" time="0.016">
    <system-out><![CDATA[Feature: Login

  Scenario: Login com sucesso # src/test/resources/features/aprender_cumcumber.feature:6
    Given que estou no site   # LoginSteps.queEstouNoSite()
    When clico                # LoginSteps.clico()
    Then logo no site         # LoginSteps.logoNoSite()
]]></system-out>
  </testcase>
  <testcase name="Incrementar valor do contador" classname="Login" time="0.005">
    <system-out><![CDATA[
  Scenario: Incrementar valor do contador # src/test/resources/features/aprender_cumcumber.feature:12
    Given que o valor do contador é 15    # LoginSteps.queOValorDoContadorÉ(Integer)
    When eu incrementar 3                 # LoginSteps.euIncrementar(Integer)
18
18
    Then o valor do contador será 18      # LoginSteps.oValorDoContadorSerá(Integer)
]]></system-out>
  </testcase>
  <testcase name="Deve calcular atraso na entrega" classname="Login" time="0.002">
    <system-out><![CDATA[
  Scenario: Deve calcular atraso na entrega    # src/test/resources/features/aprender_cumcumber.feature:19
    Given que a entrega é dia 06/03/2024       # LoginSteps.queAEntregaÉDia(Integer,Integer,Integer)
    When a entrega atrasar 2 dias              # LoginSteps.aEntregaAtrasarDias(Integer)
    Then a entrega sera efetuada em 08/03/2024 # LoginSteps.aEntregaSeraEfetuadaEm(String)
]]></system-out>
  </testcase>
</testsuite>